*** Using Compiler 'V6.19', folder: 'E:\keil 5 MDK\ARM\ARMCLANG\Bin'
Rebuild target 'Template'
assembling startup_stm32f103xe.s...
compiling system_stm32f1xx.c...
compiling sys.c...
compiling stm32f1xx_hal_rcc_ex.c...
compiling main.c...
compiling stm32f1xx_it.c...
compiling stm32f1xx_hal.c...
compiling stm32f1xx_hal_gpio_ex.c...
compiling usart.c...
compiling delay.c...
compiling stm32f1xx_hal_cortex.c...
compiling stm32f1xx_hal_gpio.c...
compiling stm32f1xx_hal_dma.c...
compiling stm32f1xx_hal_rcc.c...
compiling stm32f1xx_hal_uart.c...
compiling stm32f1xx_hal_usart.c...
compiling led.c...
compiling key.c...
compiling btim.c...
compiling pwm.c...
compiling stm32f1xx_hal_tim_ex.c...
compiling stm32f1xx_hal_tim.c...
linking...
Program Size: Code=5930 RO-data=370 RW-data=16 ZI-data=2056  
FromELF: creating hex file...
"..\..\Output\atk_f103.axf" - 0 Error(s), 0 Warning(s).
Build Time Elapsed:  00:00:01
