*** Using Compiler 'V6.19', folder: 'E:\keil 5 MDK\ARM\ARMCLANG\Bin'
Rebuild target 'car'
assembling startup_stm32f103xe.s...
compiling stm32f1xx_hal_pwr.c...
compiling stm32f1xx_it.c...
compiling stm32f1xx_hal_msp.c...
compiling main.c...
compiling stm32f1xx_hal_gpio_ex.c...
compiling stm32f1xx_hal_rcc_ex.c...
compiling stm32f1xx_hal_gpio.c...
compiling stm32f1xx_hal.c...
compiling stm32f1xx_hal_cortex.c...
compiling stm32f1xx_hal_flash.c...
compiling stm32f1xx_hal_dma.c...
compiling stm32f1xx_hal_tim.c...
compiling stm32f1xx_hal_exti.c...
compiling stm32f1xx_hal_adc.c...
compiling stm32f1xx_hal_rcc.c...
compiling stm32f1xx_hal_adc_ex.c...
compiling stm32f1xx_hal_flash_ex.c...
compiling stm32f1xx_hal_tim_ex.c...
compiling system_stm32f1xx.c...
compiling stm32f1xx_hal_uart.c...
compiling stm32f1xx_hal_i2c.c...
linking...
Program Size: Code=5262 RO-data=378 RW-data=12 ZI-data=1916  
FromELF: creating hex file...
"car\car.axf" - 0 Error(s), 0 Warning(s).
Build Time Elapsed:  00:00:01
