*** Using Compiler 'V6.21', folder: 'E:\keil 5 MDK\ARM\ARMCLANG\Bin'
Build target 'pwm1'
assembling startup_stm32f103xe.s...
compiling main.c...
compiling tim.c...
compiling stm32f1xx_hal_gpio_ex.c...
compiling stm32f1xx_hal_msp.c...
compiling stm32f1xx_hal_rcc_ex.c...
compiling stm32f1xx_it.c...
compiling gpio.c...
compiling stm32f1xx_hal_rcc.c...
compiling stm32f1xx_hal.c...
compiling delay.c...
compiling stm32f1xx_hal_gpio.c...
compiling stm32f1xx_hal_pwr.c...
compiling stm32f1xx_hal_cortex.c...
compiling stm32f1xx_hal_dma.c...
compiling system_stm32f1xx.c...
compiling stm32f1xx_hal_flash.c...
compiling stm32f1xx_hal_exti.c...
compiling stm32f1xx_hal_tim_ex.c...
compiling stm32f1xx_hal_flash_ex.c...
compiling stm32f1xx_hal_tim.c...
linking...
Program Size: Code=5638 RO-data=370 RW-data=12 ZI-data=1716  
FromELF: creating hex file...
"pwm1\pwm1.axf" - 0 Error(s), 0 Warning(s).
Build Time Elapsed:  00:00:01
