*** Warning: The configured compiler version '5.06 update 7 (build 960)' does not support the selected User Based Licensing technology.
*** Using Compiler 'V5.06 update 7 (build 960)', folder: 'E:\keil 5 MDK\ARM\arm£¨compiler_5.06u7£©\Bin'
Build target 'Target 1'
compiling core_cm3.c...
compiling stm32f10x_adc.c...
compiling stm32f10x_dbgmcu.c...
compiling misc.c...
compiling stm32f10x_bkp.c...
compiling stm32f10x_dac.c...
compiling stm32f10x_exti.c...
compiling stm32f10x_fsmc.c...
compiling stm32f10x_crc.c...
compiling stm32f10x_can.c...
compiling stm32f10x_cec.c...
compiling stm32f10x_dma.c...
compiling stm32f10x_gpio.c...
compiling system_stm32f10x.c...
compiling stm32f10x_flash.c...
compiling stm32f10x_i2c.c...
compiling stm32f10x_iwdg.c...
compiling stm32f10x_pwr.c...
compiling stm32f10x_rcc.c...
compiling stm32f10x_rtc.c...
compiling stm32f10x_wwdg.c...
compiling stm32f10x_spi.c...
compiling stm32f10x_sdio.c...
compiling stm32f10x_it.c...
compiling stm32f10x_usart.c...
compiling Key.c...
compiling main.c...
compiling Serial.c...
compiling PWM.c...
compiling Delay.c...
compiling stm32f10x_tim.c...
linking...
Program Size: Code=8964 RO-data=556 RW-data=48 ZI-data=1024  
FromELF: creating hex file...
".\Objects\Project.axf" - 0 Error(s), 0 Warning(s).
Build Time Elapsed:  00:00:01
