Load "Smart_NEW\\Smart_NEW.axf" 
Set JLink Project File to "e:\Desktop\f32xuexi\Smart_NEW_hc_SH\MDK-ARM\JLinkSettings.ini"* JLink Info: Device "STM32H743II" selected.

JLink info:
------------
DLL: V7.96h, compiled May 15 2024 15:33:59
Firmware: J-Link V9 compiled May  7 2021 16:26:12
Hardware: V9.70
S/N : 20723915 
Feature(s) : JFlash 

* JLink Info: ConfigTargetSettings() start
* JLink Info: ConfigTargetSettings() end - Took 19us
* JLink Info: InitTarget() start
* JLink Info: SWD selected. Executing JTAG -> SWD switching sequence.
* JLink Info: DAP initialized successfully.
* JLink Info: InitTarget() end - Took 14.2ms
* JLink Info: Found SW-DP with ID 0x6BA02477
* JLink Info: DPIDR: 0x6BA02477
* JLink Info: CoreSight SoC-400 or earlier
* JLink Info: Scanning AP map to find all available APs
* JLink Info: AP[3]: Stopped AP scan as end of AP map has been reached
* JLink Info: AP[0]: AHB-AP (IDR: 0x84770001)
* JLink Info: AP[1]: AHB-AP (IDR: 0x84770001)
* JLink Info: AP[2]: APB-AP (IDR: 0x54770002)
* JLink Info: Iterating through AP map to find AHB-AP to use
* JLink Info: AP[0]: Core found
* JLink Info: AP[0]: AHB-AP ROM base: 0xE00FE000
* JLink Info: CPUID register: 0x411FC271. Implementer code: 0x41 (ARM)
* JLink Info: Cache: L1 I/D-cache present
* JLink Info: Found Cortex-M7 r1p1, Little endian.
* JLink Info: FPUnit: 8 code (BP) slots and 0 literal slots
* JLink Info: CoreSight components:
* JLink Info: ROMTbl[0] @ E00FE000
* JLink Info: [0][0]: E00FF000 CID B105100D PID 000BB4C7 ROM Table
* JLink Info: ROMTbl[1] @ E00FF000
* JLink Info: [1][0]: E000E000 CID B105E00D PID 000BB00C SCS-M7
* JLink Info: [1][1]: E0001000 CID B105E00D PID 000BB002 DWT
* JLink Info: [1][2]: E0002000 CID B105E00D PID 000BB00E FPB-M7
* JLink Info: [1][3]: E0000000 CID B105E00D PID 000BB001 ITM
* JLink Info: [0][1]: E0041000 CID B105900D PID 001BB975 ETM-M7
* JLink Info: [0][2]: E0043000 CID B105900D PID 004BB906 CTI
* JLink Info: I-Cache L1: 16 KB, 256 Sets, 32 Bytes/Line, 2-Way
* JLink Info: D-Cache L1: 16 KB, 128 Sets, 32 Bytes/Line, 4-Way
ROMTableAddr = 0xE00FE000
* JLink Info: Reset: Halt core after reset via DEMCR.VC_CORERESET.
* JLink Info: Reset: Reset device via AIRCR.SYSRESETREQ.

Target info:
------------
Device: STM32H743IITx
VTarget = 3.251V
State of Pins: TCK: 1, TDI: 1, TDO: 1, TMS: 1, TRES: 1, TRST: 1
Hardware-Breakpoints: 8
Software-Breakpoints: 8192
Watchpoints:          4
JTAG speed: 6000 kHz

* JLink Info: Memory map 'after startup completion point' is active
Erase Done.Programming Done.Verify OK.* JLink Info: Memory map 'before startup completion point' is active
* JLink Info: Reset: Halt core after reset via DEMCR.VC_CORERESET.
* JLink Info: Reset: Reset device via AIRCR.SYSRESETREQ.
* JLink Info: Memory map 'after startup completion point' is active
Application running ...
* JLink Info: OnDisconnectTarget() start
* JLink Info: OnDisconnectTarget() end - Took 1.31ms
Flash Load finished at 19:13:39
