*** Using Compiler 'V6.21', folder: 'E:\keil 5 MDK\ARM\ARMCLANG\Bin'
Rebuild target 'yiketen'
assembling startup_stm32f103xe.s...
compiling stm32f1xx_hal_tim.c...
compiling stm32f1xx_hal_msp.c...
compiling stm32f1xx_hal_gpio_ex.c...
compiling stm32f1xx_hal_tim_ex.c...
compiling stm32f1xx_it.c...
compiling main.c...
compiling gpio.c...
compiling stm32f1xx_hal_rcc_ex.c...
compiling stm32f1xx_hal_pwr.c...
compiling stm32f1xx_hal.c...
compiling stm32f1xx_hal_gpio.c...
compiling stm32f1xx_hal_cortex.c...
compiling stm32f1xx_hal_rcc.c...
compiling stm32f1xx_hal_dma.c...
compiling stm32f1xx_hal_flash.c...
compiling stm32f1xx_hal_exti.c...
compiling stm32f1xx_hal_flash_ex.c...
compiling system_stm32f1xx.c...
linking...
Program Size: Code=3210 RO-data=370 RW-data=12 ZI-data=1644  
FromELF: creating hex file...
"yiketen\yiketen.axf" - 0 Error(s), 0 Warning(s).
Build Time Elapsed:  00:00:01
