*** Using Compiler 'V6.21', folder: 'E:\keil 5 MDK\ARM\ARMCLANG\Bin'
Build target 'xiaoche_dipan'
compiling main.c...
compiling gpio.c...
compiling pid.c...
compiling control.c...
compiling stm32h7xx_hal_hsem.c...
compiling tim.c...
compiling stm32h7xx_it.c...
compiling stm32h7xx_hal_rcc.c...
compiling stm32h7xx_hal_msp.c...
compiling stm32h7xx_hal_gpio.c...
compiling stm32h7xx_hal_cortex.c...
compiling stm32h7xx_hal_flash.c...
compiling stm32h7xx_hal_rcc_ex.c...
compiling stm32h7xx_hal_flash_ex.c...
compiling stm32h7xx_hal_dma.c...
compiling stm32h7xx_hal_dma_ex.c...
compiling system_stm32h7xx.c...
compiling stm32h7xx_hal_pwr.c...
compiling stm32h7xx_hal_i2c_ex.c...
compiling stm32h7xx_hal_exti.c...
compiling stm32h7xx_hal.c...
compiling stm32h7xx_hal_pwr_ex.c...
compiling stm32h7xx_hal_mdma.c...
compiling stm32h7xx_hal_tim_ex.c...
compiling stm32h7xx_hal_tim.c...
compiling stm32h7xx_hal_i2c.c...
linking...
Program Size: Code=8048 RO-data=712 RW-data=16 ZI-data=1712  
FromELF: creating hex file...
"xiaoche_dipan\xiaoche_dipan.axf" - 0 Error(s), 0 Warning(s).
Build Time Elapsed:  00:00:02
