*** Warning: The configured compiler version '5.06 update 7 (build 960)' does not support the selected User Based Licensing technology.
*** Using Compiler 'V5.06 update 7 (build 960)', folder: 'E:\keil 5 MDK\ARM\arm£¨compiler_5.06u7£©\Bin'
Rebuild target 'Template'
assembling startup_stm32f103xe.s...
compiling stm32f1xx_hal_gpio_ex.c...
compiling usart.c...
compiling delay.c...
compiling stm32f1xx_it.c...
compiling system_stm32f1xx.c...
compiling stm32f1xx_hal_cortex.c...
compiling main.c...
compiling sys.c...
compiling stm32f1xx_hal.c...
compiling stm32f1xx_hal_rcc_ex.c...
compiling stm32f1xx_hal_gpio.c...
compiling stm32f1xx_hal_uart.c...
compiling stm32f1xx_hal_dma.c...
compiling stm32f1xx_hal_rcc.c...
compiling stm32f1xx_hal_cec.c...
compiling led.c...
compiling key.c...
compiling stm32f1xx_hal_dac_ex.c...
compiling stm32f1xx_hal_dac.c...
compiling stm32f1xx_hal_usart.c...
compiling stm32f1xx_hal_adc_ex.c...
compiling stm32f1xx_hal_adc.c...
linking...
Program Size: Code=4214 RO-data=354 RW-data=24 ZI-data=1896  
FromELF: creating hex file...
"..\..\Output\atk_f103.axf" - 0 Error(s), 0 Warning(s).
Build Time Elapsed:  00:00:06
