*** Warning: The configured compiler version '5.06 update 7 (build 960)' does not support the selected User Based Licensing technology.
*** Using Compiler 'V5.06 update 7 (build 960)', folder: 'E:\keil 5 MDK\ARM\arm£¨compiler_5.06u7£©\Bin'
Build target 'motor_PID'
compiling stm32f1xx_hal_msp.c...
compiling stm32f1xx_hal.c...
compiling usart.c...
compiling stm32f1xx_hal_gpio_ex.c...
compiling tim.c...
compiling gpio.c...
compiling key.c...
compiling stm32f1xx_it.c...
compiling motor_control.c...
compiling main.c...
compiling pid.c...
compiling stm32f1xx_hal_rcc.c...
compiling stm32f1xx_hal_tim_ex.c...
compiling stm32f1xx_hal_tim.c...
compiling stm32f1xx_hal_rcc_ex.c...
compiling stm32f1xx_hal_gpio.c...
compiling system_stm32f1xx.c...
compiling stm32f1xx_hal_exti.c...
compiling stm32f1xx_hal_pwr.c...
compiling stm32f1xx_hal_cortex.c...
compiling stm32f1xx_hal_flash.c...
compiling stm32f1xx_hal_flash_ex.c...
compiling stm32f1xx_hal_dma.c...
compiling stm32f1xx_hal_uart.c...
linking...
Program Size: Code=9462 RO-data=378 RW-data=32 ZI-data=1952  
FromELF: creating hex file...
"motor_PID\motor_PID.axf" - 0 Error(s), 0 Warning(s).
Build Time Elapsed:  00:00:04
