*** Warning: The configured compiler version '5.06 update 7 (build 960)' does not support the selected User Based Licensing technology.
*** Using Compiler 'V5.06 update 7 (build 960)', folder: 'E:\keil 5 MDK\ARM\arm£¨compiler_5.06u7£©\Bin'
Build target 'motor_H7_hc'
compiling stm32h7xx_hal_msp.c...
compiling usart.c...
compiling tim.c...
compiling sys.c...
compiling gpio.c...
compiling main.c...
compiling stm32h7xx_hal_gpio.c...
compiling stm32h7xx_hal_cortex.c...
compiling stm32h7xx_it.c...
compiling hc.c...
compiling stm32h7xx_hal_flash_ex.c...
compiling stm32h7xx_hal_flash.c...
compiling stm32h7xx_hal_rcc.c...
compiling stm32h7xx_hal_rcc_ex.c...
compiling stm32h7xx_hal_uart_ex.c...
compiling stm32h7xx_hal_hsem.c...
compiling system_stm32h7xx.c...
compiling stm32h7xx_hal_uart.c...
compiling stm32h7xx_hal_dma_ex.c...
compiling stm32h7xx_hal_mdma.c...
compiling stm32h7xx_hal_pwr.c...
compiling stm32h7xx_hal_exti.c...
compiling stm32h7xx_hal_i2c_ex.c...
compiling stm32h7xx_hal.c...
compiling stm32h7xx_hal_tim_ex.c...
compiling stm32h7xx_hal_pwr_ex.c...
compiling stm32h7xx_hal_dma.c...
compiling stm32h7xx_hal_i2c.c...
compiling stm32h7xx_hal_tim.c...
linking...
Program Size: Code=19322 RO-data=914 RW-data=40 ZI-data=2072  
FromELF: creating hex file...
"motor_H7_hc\motor_H7_hc.axf" - 0 Error(s), 0 Warning(s).
Build Time Elapsed:  00:02:04
