*** Warning: The configured compiler version '5.06 update 7 (build 960)' does not support the selected User Based Licensing technology.
*** Using Compiler 'V5.06 update 7 (build 960)', folder: 'E:\keil 5 MDK\ARM\arm£¨compiler_5.06u7£©\Bin'
Build target 'motor_H7_PID'
compiling motor_control.c...
..\Core\Src\motor_control.c(71): warning:  #1035-D: single-precision operand implicitly converted to double-precision
      actual_speed = ((float)(Capture_Count - Last_Count) / (11 * 4) / 30) / (GET_BASIC_TIM_PERIOD() / 1000.0 / 60.0);
..\Core\Src\motor_control.c: 1 warning, 0 errors
compiling stm32h7xx_hal_flash.c...
compiling stm32h7xx_hal_cortex.c...
compiling gpio.c...
compiling tim.c...
compiling pid.c...
compiling stm32h7xx_it.c...
compiling stm32h7xx_hal_msp.c...
compiling stm32h7xx_hal_hsem.c...
compiling stm32h7xx_hal_flash_ex.c...
compiling stm32h7xx_hal_gpio.c...
compiling main.c...
compiling stm32h7xx_hal_rcc.c...
compiling stm32h7xx_hal_rcc_ex.c...
compiling stm32h7xx_hal_i2c_ex.c...
compiling stm32h7xx_hal_exti.c...
compiling stm32h7xx_hal_pwr.c...
compiling stm32h7xx_hal_mdma.c...
compiling system_stm32h7xx.c...
compiling stm32h7xx_hal_tim_ex.c...
compiling stm32h7xx_hal_dma_ex.c...
compiling stm32h7xx_hal.c...
compiling stm32h7xx_hal_pwr_ex.c...
compiling stm32h7xx_hal_i2c.c...
compiling stm32h7xx_hal_tim.c...
compiling stm32h7xx_hal_dma.c...
linking...
Program Size: Code=8754 RO-data=714 RW-data=20 ZI-data=1892  
"motor_H7_PID\motor_H7_PID.axf" - 0 Error(s), 1 Warning(s).
Build Time Elapsed:  00:00:51
