*** Using Compiler 'V5.06 update 7 (build 960)', folder: 'E:\keil 5 MDK\ARM\arm£¨compiler_5.06u7£©\Bin'
Build target 'Template'
compiling system_stm32f1xx.c...
compiling stm32f1xx_it.c...
compiling usart.c...
compiling stm32f1xx_hal_cortex.c...
compiling delay.c...
compiling sys.c...
compiling stm32f1xx_hal_gpio.c...
compiling stm32f1xx_hal_rcc_ex.c...
compiling stm32f1xx_hal_uart.c...
compiling stm32f1xx_hal_gpio_ex.c...
compiling stm32f1xx_hal_dma.c...
compiling stm32f1xx_hal.c...
compiling main.c...
compiling stm32f1xx_hal_rcc.c...
compiling stm32f1xx_hal_wwdg.c...
compiling led.c...
compiling stm32f1xx_hal_usart.c...
compiling wwdg.c...
..\..\Drivers\BSP\WWDG\wwdg.c(32): warning:  #223-D: function "HAL_WWDG_IRQHandler" declared implicitly
      HAL_WWDG_IRQHandler(&g_wwdg_handle);
..\..\Drivers\BSP\WWDG\wwdg.c: 1 warning, 0 errors
compiling key.c...
linking...
Program Size: Code=6364 RO-data=360 RW-data=28 ZI-data=1916  
FromELF: creating hex file...
"..\..\Output\atk_f103.axf" - 0 Error(s), 1 Warning(s).
Build Time Elapsed:  00:00:06
