*** Using Compiler 'V5.06 update 7 (build 960)', folder: 'E:\keil 5 MDK\ARM\arm£¨compiler_5.06u7£©\Bin'
Build target 'Template'
compiling delay.c...
compiling stm32f1xx_hal_gpio_ex.c...
compiling usart.c...
compiling main.c...
compiling stm32f1xx_hal.c...
compiling stm32f1xx_it.c...
compiling sys.c...
compiling stm32f1xx_hal_gpio.c...
compiling system_stm32f1xx.c...
compiling stm32f1xx_hal_cortex.c...
compiling stm32f1xx_hal_rcc_ex.c...
compiling stm32f1xx_hal_dma.c...
compiling stm32f1xx_hal_rcc.c...
compiling led.c...
compiling stm32f1xx_hal_iwdg.c...
compiling key.c...
compiling wdg.c...
compiling stm32f1xx_hal_usart.c...
compiling stm32f1xx_hal_uart.c...
linking...
Program Size: Code=6300 RO-data=360 RW-data=28 ZI-data=1908  
FromELF: creating hex file...
"..\..\Output\atk_f103.axf" - 0 Error(s), 0 Warning(s).
Build Time Elapsed:  00:00:05
